<?xml version="1.0" encoding="UTF-8"?>
<!-- Generated by org.testng.reporters.JUnitReportReporter -->
<testsuite hostname="LAPTOP-DOK5TEHQ" failures="0" tests="1" name="SimplyPrint" time="0.012" errors="0" timestamp="23 Jan 2019 15:10:19 GMT" skipped="0">
  <testcase classname="SimplyPrint" name="justPrint" time="0.012"/>
</testsuite> <!-- SimplyPrint -->
